<html>
<head>
<title>TestNG:  EndToEnd</title>
<link href="../testng.css" rel="stylesheet" type="text/css" />
<link href="../my-testng.css" rel="stylesheet" type="text/css" />

<style type="text/css">
.log { display: none;} 
.stack-trace { display: none;} 
</style>
<script type="text/javascript">
<!--
function flip(e) {
  current = e.style.display;
  if (current == 'block') {
    e.style.display = 'none';
    return 0;
  }
  else {
    e.style.display = 'block';
    return 1;
  }
}

function toggleBox(szDivId, elem, msg1, msg2)
{
  var res = -1;  if (document.getElementById) {
    res = flip(document.getElementById(szDivId));
  }
  else if (document.all) {
    // this is the way old msie versions work
    res = flip(document.all[szDivId]);
  }
  if(elem) {
    if(res == 0) elem.innerHTML = msg1; else elem.innerHTML = msg2;
  }

}

function toggleAllBoxes() {
  if (document.getElementsByTagName) {
    d = document.getElementsByTagName('div');
    for (i = 0; i < d.length; i++) {
      if (d[i].className == 'log') {
        flip(d[i]);
      }
    }
  }
}

// -->
</script>

</head>
<body>
<h2 align='center'>EndToEnd</h2><table border='1' align="center">
<tr>
<td>Tests passed/Failed/Skipped:</td><td>0/1/0</td>
</tr><tr>
<td>Started on:</td><td>Sun Mar 02 10:27:55 IST 2014</td>
</tr>
<tr><td>Total time:</td><td>11673 seconds (11673435 ms)</td>
</tr><tr>
<td>Included groups:</td><td></td>
</tr><tr>
<td>Excluded groups:</td><td></td>
</tr>
</table><p/>
<small><i>(Hover the method name to see the test class name)</i></small><p/>
<table width='100%' border='1' class='invocation-failed'>
<tr><td colspan='4' align='center'><b>FAILED TESTS</b></td></tr>
<tr><td><b>Test method</b></td>
<td width="30%"><b>Exception</b></td>
<td width="10%"><b>Time (seconds)</b></td>
<td><b>Instance</b></td>
</tr>
<tr>
<td title='test.OrderFormTest.shouldAbleToCreateOrder()'><b>shouldAbleToCreateOrder</b><br>Test class: test.OrderFormTest</td>
<td><div><pre>org.openqa.selenium.WebDriverException: Session not found: 03b9fd47-3301-4ea2-be2c-49c01734b102
Command duration or timeout: 5.22 seconds
Build info: version: &apos;2.35.0&apos;, revision: &apos;c916b9d&apos;, time: &apos;2013-08-12 15:42:01&apos;
System info: os.name: &apos;Windows 7&apos;, os.arch: &apos;amd64&apos;, os.version: &apos;6.1&apos;, java.version: &apos;1.7.0_06&apos;
Session ID: 03b9fd47-3301-4ea2-be2c-49c01734b102
Driver info: org.openqa.selenium.firefox.FirefoxDriver
Capabilities [{platform=XP, databaseEnabled=true, cssSelectorsEnabled=true, javascriptEnabled=true, acceptSslCerts=true, handlesAlerts=true, browserName=firefox, browserConnectionEnabled=true, nativeEvents=true, webStorageEnabled=true, rotatable=false, locationContextEnabled=true, applicationCacheEnabled=true, takesScreenshot=true, version=24.3.0}]
	at org.openqa.selenium.remote.ErrorHandler.createThrowable(ErrorHandler.java:191)
	at org.openqa.selenium.remote.ErrorHandler.throwIfResponseFailed(ErrorHandler.java:145)
	at org.openqa.selenium.remote.RemoteWebDriver.execute(RemoteWebDriver.java:554)
	at org.openqa.selenium.remote.RemoteWebDriver.findElement(RemoteWebDriver.java:307)
	at org.openqa.selenium.remote.RemoteWebDriver.findElementByCssSelector(RemoteWebDriver.java:396)
	at org.openqa.selenium.By$ByCssSelector.findElement(By.java:407)
	at org.openqa.selenium.remote.RemoteWebDriver.findElement(RemoteWebDriver.java:299)
	at org.openqa.selenium.support.pagefactory.DefaultElementLocator.findElement(DefaultElementLocator.java:59)
	at org.openqa.selenium.support.pagefactory.internal.LocatingElementHandler.invoke(LocatingElementHandler.java:34)
	at $Proxy10.isDisplayed(Unknown Source)
	at org.openqa.selenium.support.ui.ExpectedConditions.elementIfVisible(ExpectedConditions.java:228)
	at org.openqa.selenium.support.ui.ExpectedConditions.access$1(ExpectedConditions.java:227)
	at org.openqa.selenium.support.ui.ExpectedConditions$7.apply(ExpectedConditions.java:213)
	at org.openqa.selenium.support.ui.ExpectedConditions$7.apply(ExpectedConditions.java:1)
	at org.openqa.selenium.support.ui.FluentWait.until(FluentWait.java:208)
	at common.BasePage.WaitForElement(BasePage.java:33)
	at page.OrderDashboardPage.SelectFacility(OrderDashboardPage.java:28)
	at test.OrderFormTest.shouldAbleToCreateOrder(OrderFormTest.java:13)
Caused by: org.openqa.selenium.remote.ErrorHandler$UnknownServerException: Session not found: 03b9fd47-3301-4ea2-be2c-49c01734b102
Build info: version: &apos;2.35.0&apos;, revision: &apos;c916b9d&apos;, time: &apos;2013-08-12 15:42:01&apos;
System info: os.name: &apos;Windows 7&apos;, os.arch: &apos;amd64&apos;, os.version: &apos;6.1&apos;, java.version: &apos;1.7.0_06&apos;
Driver info: driver.version: unknown
	at &lt;anonymous class&gt;.nsCommandProcessor.prototype.execute(file:///C:/Users/marimutm/AppData/Local/Temp/anonymous2146600987607821515webdriver-profile/extensions/fxdriver@googlecode.com/components/command_processor.js:10863)
	at &lt;anonymous class&gt;.Dispatcher.executeAs/&lt;(file:///C:/Users/marimutm/AppData/Local/Temp/anonymous2146600987607821515webdriver-profile/extensions/fxdriver@googlecode.com/components/driver_component.js:7750)
	at &lt;anonymous class&gt;.Resource.prototype.handle(file:///C:/Users/marimutm/AppData/Local/Temp/anonymous2146600987607821515webdriver-profile/extensions/fxdriver@googlecode.com/components/driver_component.js:7896)
	at &lt;anonymous class&gt;.Dispatcher.prototype.dispatch(file:///C:/Users/marimutm/AppData/Local/Temp/anonymous2146600987607821515webdriver-profile/extensions/fxdriver@googlecode.com/components/driver_component.js:7843)
	at &lt;anonymous class&gt;.WebDriverServer/&lt;.handle(file:///C:/Users/marimutm/AppData/Local/Temp/anonymous2146600987607821515webdriver-profile/extensions/fxdriver@googlecode.com/components/driver_component.js:10687)
	at &lt;anonymous class&gt;.createHandlerFunc/&lt;(file:///C:/Users/marimutm/AppData/Local/Temp/anonymous2146600987607821515webdriver-profile/extensions/fxdriver@googlecode.com/components/httpd.js:1935)
	at &lt;anonymous class&gt;.ServerHandler.prototype.handleResponse(file:///C:/Users/marimutm/AppData/Local/Temp/anonymous2146600987607821515webdriver-profile/extensions/fxdriver@googlecode.com/components/httpd.js:2261)
	at &lt;anonymous class&gt;.Connection.prototype.process(file:///C:/Users/marimutm/AppData/Local/Temp/anonymous2146600987607821515webdriver-profile/extensions/fxdriver@googlecode.com/components/httpd.js:1168)
	at &lt;anonymous class&gt;.RequestReader.prototype._handleResponse(file:///C:/Users/marimutm/AppData/Local/Temp/anonymous2146600987607821515webdriver-profile/extensions/fxdriver@googlecode.com/components/httpd.js:1616)
	at &lt;anonymous class&gt;.RequestReader.prototype._processBody(file:///C:/Users/marimutm/AppData/Local/Temp/anonymous2146600987607821515webdriver-profile/extensions/fxdriver@googlecode.com/components/httpd.js:1464)
	at &lt;anonymous class&gt;.RequestReader.prototype.onInputStreamReady(file:///C:/Users/marimutm/AppData/Local/Temp/anonymous2146600987607821515webdriver-profile/extensions/fxdriver@googlecode.com/components/httpd.js:1333)
... Removed 28 stack frames</pre></div><a href='#' onClick='toggleBox("stack-trace1946569851", this, "Click to show all stack frames", "Click to hide stack frames")'>Click to show all stack frames</a>
<div class='stack-trace' id='stack-trace1946569851'><pre>org.openqa.selenium.WebDriverException: Session not found: 03b9fd47-3301-4ea2-be2c-49c01734b102
Command duration or timeout: 5.22 seconds
Build info: version: &apos;2.35.0&apos;, revision: &apos;c916b9d&apos;, time: &apos;2013-08-12 15:42:01&apos;
System info: os.name: &apos;Windows 7&apos;, os.arch: &apos;amd64&apos;, os.version: &apos;6.1&apos;, java.version: &apos;1.7.0_06&apos;
Session ID: 03b9fd47-3301-4ea2-be2c-49c01734b102
Driver info: org.openqa.selenium.firefox.FirefoxDriver
Capabilities [{platform=XP, databaseEnabled=true, cssSelectorsEnabled=true, javascriptEnabled=true, acceptSslCerts=true, handlesAlerts=true, browserName=firefox, browserConnectionEnabled=true, nativeEvents=true, webStorageEnabled=true, rotatable=false, locationContextEnabled=true, applicationCacheEnabled=true, takesScreenshot=true, version=24.3.0}]
	at sun.reflect.NativeConstructorAccessorImpl.newInstance0(Native Method)
	at sun.reflect.NativeConstructorAccessorImpl.newInstance(NativeConstructorAccessorImpl.java:57)
	at sun.reflect.DelegatingConstructorAccessorImpl.newInstance(DelegatingConstructorAccessorImpl.java:45)
	at java.lang.reflect.Constructor.newInstance(Constructor.java:525)
	at org.openqa.selenium.remote.ErrorHandler.createThrowable(ErrorHandler.java:191)
	at org.openqa.selenium.remote.ErrorHandler.throwIfResponseFailed(ErrorHandler.java:145)
	at org.openqa.selenium.remote.RemoteWebDriver.execute(RemoteWebDriver.java:554)
	at org.openqa.selenium.remote.RemoteWebDriver.findElement(RemoteWebDriver.java:307)
	at org.openqa.selenium.remote.RemoteWebDriver.findElementByCssSelector(RemoteWebDriver.java:396)
	at org.openqa.selenium.By$ByCssSelector.findElement(By.java:407)
	at org.openqa.selenium.remote.RemoteWebDriver.findElement(RemoteWebDriver.java:299)
	at org.openqa.selenium.support.pagefactory.DefaultElementLocator.findElement(DefaultElementLocator.java:59)
	at org.openqa.selenium.support.pagefactory.internal.LocatingElementHandler.invoke(LocatingElementHandler.java:34)
	at $Proxy10.isDisplayed(Unknown Source)
	at org.openqa.selenium.support.ui.ExpectedConditions.elementIfVisible(ExpectedConditions.java:228)
	at org.openqa.selenium.support.ui.ExpectedConditions.access$1(ExpectedConditions.java:227)
	at org.openqa.selenium.support.ui.ExpectedConditions$7.apply(ExpectedConditions.java:213)
	at org.openqa.selenium.support.ui.ExpectedConditions$7.apply(ExpectedConditions.java:1)
	at org.openqa.selenium.support.ui.FluentWait.until(FluentWait.java:208)
	at common.BasePage.WaitForElement(BasePage.java:33)
	at page.OrderDashboardPage.SelectFacility(OrderDashboardPage.java:28)
	at test.OrderFormTest.shouldAbleToCreateOrder(OrderFormTest.java:13)
	at sun.reflect.NativeMethodAccessorImpl.invoke0(Native Method)
	at sun.reflect.NativeMethodAccessorImpl.invoke(NativeMethodAccessorImpl.java:57)
	at sun.reflect.DelegatingMethodAccessorImpl.invoke(DelegatingMethodAccessorImpl.java:43)
	at java.lang.reflect.Method.invoke(Method.java:601)
	at org.testng.internal.MethodInvocationHelper.invokeMethod(MethodInvocationHelper.java:84)
	at org.testng.internal.Invoker.invokeMethod(Invoker.java:714)
	at org.testng.internal.Invoker.invokeTestMethod(Invoker.java:901)
	at org.testng.internal.Invoker.invokeTestMethods(Invoker.java:1231)
	at org.testng.internal.TestMethodWorker.invokeTestMethods(TestMethodWorker.java:127)
	at org.testng.internal.TestMethodWorker.run(TestMethodWorker.java:111)
	at org.testng.TestRunner.privateRun(TestRunner.java:767)
	at org.testng.TestRunner.run(TestRunner.java:617)
	at org.testng.SuiteRunner.runTest(SuiteRunner.java:335)
	at org.testng.SuiteRunner.runSequentially(SuiteRunner.java:330)
	at org.testng.SuiteRunner.privateRun(SuiteRunner.java:291)
	at org.testng.SuiteRunner.run(SuiteRunner.java:240)
	at org.testng.SuiteRunnerWorker.runSuite(SuiteRunnerWorker.java:52)
	at org.testng.SuiteRunnerWorker.run(SuiteRunnerWorker.java:86)
	at org.testng.TestNG.runSuitesSequentially(TestNG.java:1224)
	at org.testng.TestNG.runSuitesLocally(TestNG.java:1149)
	at org.testng.TestNG.run(TestNG.java:1057)
	at org.testng.remote.RemoteTestNG.run(RemoteTestNG.java:111)
	at org.testng.remote.RemoteTestNG.initAndRun(RemoteTestNG.java:204)
	at org.testng.remote.RemoteTestNG.main(RemoteTestNG.java:175)
Caused by: org.openqa.selenium.remote.ErrorHandler$UnknownServerException: Session not found: 03b9fd47-3301-4ea2-be2c-49c01734b102
Build info: version: &apos;2.35.0&apos;, revision: &apos;c916b9d&apos;, time: &apos;2013-08-12 15:42:01&apos;
System info: os.name: &apos;Windows 7&apos;, os.arch: &apos;amd64&apos;, os.version: &apos;6.1&apos;, java.version: &apos;1.7.0_06&apos;
Driver info: driver.version: unknown
	at &lt;anonymous class&gt;.nsCommandProcessor.prototype.execute(file:///C:/Users/marimutm/AppData/Local/Temp/anonymous2146600987607821515webdriver-profile/extensions/fxdriver@googlecode.com/components/command_processor.js:10863)
	at &lt;anonymous class&gt;.Dispatcher.executeAs/&lt;(file:///C:/Users/marimutm/AppData/Local/Temp/anonymous2146600987607821515webdriver-profile/extensions/fxdriver@googlecode.com/components/driver_component.js:7750)
	at &lt;anonymous class&gt;.Resource.prototype.handle(file:///C:/Users/marimutm/AppData/Local/Temp/anonymous2146600987607821515webdriver-profile/extensions/fxdriver@googlecode.com/components/driver_component.js:7896)
	at &lt;anonymous class&gt;.Dispatcher.prototype.dispatch(file:///C:/Users/marimutm/AppData/Local/Temp/anonymous2146600987607821515webdriver-profile/extensions/fxdriver@googlecode.com/components/driver_component.js:7843)
	at &lt;anonymous class&gt;.WebDriverServer/&lt;.handle(file:///C:/Users/marimutm/AppData/Local/Temp/anonymous2146600987607821515webdriver-profile/extensions/fxdriver@googlecode.com/components/driver_component.js:10687)
	at &lt;anonymous class&gt;.createHandlerFunc/&lt;(file:///C:/Users/marimutm/AppData/Local/Temp/anonymous2146600987607821515webdriver-profile/extensions/fxdriver@googlecode.com/components/httpd.js:1935)
	at &lt;anonymous class&gt;.ServerHandler.prototype.handleResponse(file:///C:/Users/marimutm/AppData/Local/Temp/anonymous2146600987607821515webdriver-profile/extensions/fxdriver@googlecode.com/components/httpd.js:2261)
	at &lt;anonymous class&gt;.Connection.prototype.process(file:///C:/Users/marimutm/AppData/Local/Temp/anonymous2146600987607821515webdriver-profile/extensions/fxdriver@googlecode.com/components/httpd.js:1168)
	at &lt;anonymous class&gt;.RequestReader.prototype._handleResponse(file:///C:/Users/marimutm/AppData/Local/Temp/anonymous2146600987607821515webdriver-profile/extensions/fxdriver@googlecode.com/components/httpd.js:1616)
	at &lt;anonymous class&gt;.RequestReader.prototype._processBody(file:///C:/Users/marimutm/AppData/Local/Temp/anonymous2146600987607821515webdriver-profile/extensions/fxdriver@googlecode.com/components/httpd.js:1464)
	at &lt;anonymous class&gt;.RequestReader.prototype.onInputStreamReady(file:///C:/Users/marimutm/AppData/Local/Temp/anonymous2146600987607821515webdriver-profile/extensions/fxdriver@googlecode.com/components/httpd.js:1333)
</pre></div></td>
<td>11635</td>
<td>test.OrderFormTest@67435c4c</td></tr>
</table><p>
</body>
</html>