<?xml version="1.0" encoding="UTF-8"?>
<testng-results skipped="0" failed="3" total="6" passed="3">
  <reporter-output>
  </reporter-output>
  <suite name="pathology" duration-ms="342028" started-at="2014-05-07T17:58:07Z" finished-at="2014-05-07T18:03:49Z">
    <groups>
    </groups>
    <test name="EndToEndForFirefox" duration-ms="100771" started-at="2014-05-07T17:58:07Z" finished-at="2014-05-07T17:59:47Z">
      <class name="test.LoginTest">
        <test-method status="PASS" signature="InitializeDriver(java.lang.String)[pri:0, instance:test.LoginTest@584ffe5e]" name="InitializeDriver" is-config="true" duration-ms="18790" started-at="2014-05-07T23:28:07Z" finished-at="2014-05-07T23:28:26Z">
          <params>
            <param index="0">
              <value>
                <![CDATA[firefox]]>
              </value>
            </param>
          </params>
          <reporter-output>
          </reporter-output>
        </test-method> <!-- InitializeDriver -->
        <test-method status="PASS" signature="SetUp()[pri:0, instance:test.LoginTest@584ffe5e]" name="SetUp" is-config="true" duration-ms="24676" started-at="2014-05-07T23:28:26Z" finished-at="2014-05-07T23:28:50Z">
          <reporter-output>
          </reporter-output>
        </test-method> <!-- SetUp -->
        <test-method status="PASS" signature="VerifyInvalidLoginScenario()[pri:0, instance:test.LoginTest@584ffe5e]" name="VerifyInvalidLoginScenario" duration-ms="19170" started-at="2014-05-07T23:28:50Z" finished-at="2014-05-07T23:29:09Z">
          <reporter-output>
          </reporter-output>
        </test-method> <!-- VerifyInvalidLoginScenario -->
        <test-method status="PASS" signature="tearDown()[pri:0, instance:test.LoginTest@584ffe5e]" name="tearDown" is-config="true" duration-ms="10094" started-at="2014-05-07T23:29:09Z" finished-at="2014-05-07T23:29:19Z">
          <reporter-output>
          </reporter-output>
        </test-method> <!-- tearDown -->
        <test-method status="PASS" signature="SetUp()[pri:0, instance:test.LoginTest@584ffe5e]" name="SetUp" is-config="true" duration-ms="3465" started-at="2014-05-07T23:29:19Z" finished-at="2014-05-07T23:29:23Z">
          <reporter-output>
          </reporter-output>
        </test-method> <!-- SetUp -->
        <test-method status="PASS" signature="VerifyLoginForAdmin()[pri:0, instance:test.LoginTest@584ffe5e]" name="VerifyLoginForAdmin" duration-ms="20266" started-at="2014-05-07T23:29:23Z" finished-at="2014-05-07T23:29:43Z">
          <reporter-output>
          </reporter-output>
        </test-method> <!-- VerifyLoginForAdmin -->
        <test-method status="PASS" signature="tearDown()[pri:0, instance:test.LoginTest@584ffe5e]" name="tearDown" is-config="true" duration-ms="3825" started-at="2014-05-07T23:29:43Z" finished-at="2014-05-07T23:29:47Z">
          <reporter-output>
          </reporter-output>
        </test-method> <!-- tearDown -->
        <test-method status="PASS" signature="QuitDriver()[pri:0, instance:test.LoginTest@584ffe5e]" name="QuitDriver" is-config="true" duration-ms="462" started-at="2014-05-07T23:29:47Z" finished-at="2014-05-07T23:29:47Z">
          <reporter-output>
          </reporter-output>
        </test-method> <!-- QuitDriver -->
      </class> <!-- test.LoginTest -->
    </test> <!-- EndToEndForFirefox -->
    <test name="EndToEndForChrome" duration-ms="105651" started-at="2014-05-07T17:59:47Z" finished-at="2014-05-07T18:01:33Z">
      <class name="test.LoginTest">
        <test-method status="PASS" signature="InitializeDriver(java.lang.String)[pri:0, instance:test.LoginTest@58093139]" name="InitializeDriver" is-config="true" duration-ms="5652" started-at="2014-05-07T23:29:47Z" finished-at="2014-05-07T23:29:53Z">
          <params>
            <param index="0">
              <value>
                <![CDATA[chrome]]>
              </value>
            </param>
          </params>
          <reporter-output>
          </reporter-output>
        </test-method> <!-- InitializeDriver -->
        <test-method status="PASS" signature="SetUp()[pri:0, instance:test.LoginTest@58093139]" name="SetUp" is-config="true" duration-ms="32723" started-at="2014-05-07T23:29:53Z" finished-at="2014-05-07T23:30:26Z">
          <reporter-output>
          </reporter-output>
        </test-method> <!-- SetUp -->
        <test-method status="FAIL" signature="VerifyInvalidLoginScenario()[pri:0, instance:test.LoginTest@58093139]" name="VerifyInvalidLoginScenario" duration-ms="20373" started-at="2014-05-07T23:30:26Z" finished-at="2014-05-07T23:30:46Z">
          <exception class="org.openqa.selenium.TimeoutException">
            <message>
              <![CDATA[Timed out after 20 seconds waiting for visibility of [[ChromeDriver: chrome on XP (7b31b77843a0406cfc2c6afbcf0afdfa)] -> id: loginPassword]
Build info: version: '2.35.0', revision: 'c916b9d', time: '2013-08-12 15:42:01'
System info: os.name: 'Windows 7', os.arch: 'amd64', os.version: '6.1', java.version: '1.7.0_06'
Driver info: driver.version: unknown]]>
            </message>
            <full-stacktrace>
              <![CDATA[org.openqa.selenium.TimeoutException: Timed out after 20 seconds waiting for visibility of [[ChromeDriver: chrome on XP (7b31b77843a0406cfc2c6afbcf0afdfa)] -> id: loginPassword]
Build info: version: '2.35.0', revision: 'c916b9d', time: '2013-08-12 15:42:01'
System info: os.name: 'Windows 7', os.arch: 'amd64', os.version: '6.1', java.version: '1.7.0_06'
Driver info: driver.version: unknown
	at org.openqa.selenium.support.ui.FluentWait.timeoutException(FluentWait.java:259)
	at org.openqa.selenium.support.ui.FluentWait.until(FluentWait.java:228)
	at common.BasePage.WaitForElement(BasePage.java:33)
	at page.LoginRegisterPage.login(LoginRegisterPage.java:40)
	at test.LoginTest.VerifyInvalidLoginScenario(LoginTest.java:26)
	at sun.reflect.NativeMethodAccessorImpl.invoke0(Native Method)
	at sun.reflect.NativeMethodAccessorImpl.invoke(NativeMethodAccessorImpl.java:57)
	at sun.reflect.DelegatingMethodAccessorImpl.invoke(DelegatingMethodAccessorImpl.java:43)
	at java.lang.reflect.Method.invoke(Method.java:601)
	at org.testng.internal.MethodInvocationHelper.invokeMethod(MethodInvocationHelper.java:84)
	at org.testng.internal.Invoker.invokeMethod(Invoker.java:714)
	at org.testng.internal.Invoker.invokeTestMethod(Invoker.java:901)
	at org.testng.internal.Invoker.invokeTestMethods(Invoker.java:1231)
	at org.testng.internal.TestMethodWorker.invokeTestMethods(TestMethodWorker.java:127)
	at org.testng.internal.TestMethodWorker.run(TestMethodWorker.java:111)
	at org.testng.TestRunner.privateRun(TestRunner.java:767)
	at org.testng.TestRunner.run(TestRunner.java:617)
	at org.testng.SuiteRunner.runTest(SuiteRunner.java:335)
	at org.testng.SuiteRunner.access$000(SuiteRunner.java:37)
	at org.testng.SuiteRunner$SuiteWorker.run(SuiteRunner.java:369)
	at org.testng.internal.thread.ThreadUtil$2.call(ThreadUtil.java:64)
	at java.util.concurrent.FutureTask$Sync.innerRun(FutureTask.java:334)
	at java.util.concurrent.FutureTask.run(FutureTask.java:166)
	at java.util.concurrent.ThreadPoolExecutor.runWorker(ThreadPoolExecutor.java:1110)
	at java.util.concurrent.ThreadPoolExecutor$Worker.run(ThreadPoolExecutor.java:603)
	at java.lang.Thread.run(Thread.java:722)
]]>
            </full-stacktrace>
          </exception> <!-- org.openqa.selenium.TimeoutException -->
          <reporter-output>
          </reporter-output>
        </test-method> <!-- VerifyInvalidLoginScenario -->
        <test-method status="PASS" signature="tearDown()[pri:0, instance:test.LoginTest@58093139]" name="tearDown" is-config="true" duration-ms="10018" started-at="2014-05-07T23:30:46Z" finished-at="2014-05-07T23:30:56Z">
          <reporter-output>
          </reporter-output>
        </test-method> <!-- tearDown -->
        <test-method status="PASS" signature="SetUp()[pri:0, instance:test.LoginTest@58093139]" name="SetUp" is-config="true" duration-ms="4974" started-at="2014-05-07T23:30:56Z" finished-at="2014-05-07T23:31:01Z">
          <reporter-output>
          </reporter-output>
        </test-method> <!-- SetUp -->
        <test-method status="FAIL" signature="VerifyLoginForAdmin()[pri:0, instance:test.LoginTest@58093139]" name="VerifyLoginForAdmin" duration-ms="20646" started-at="2014-05-07T23:31:01Z" finished-at="2014-05-07T23:31:22Z">
          <exception class="org.openqa.selenium.TimeoutException">
            <message>
              <![CDATA[Timed out after 20 seconds waiting for visibility of [[ChromeDriver: chrome on XP (7b31b77843a0406cfc2c6afbcf0afdfa)] -> id: loginPassword]
Build info: version: '2.35.0', revision: 'c916b9d', time: '2013-08-12 15:42:01'
System info: os.name: 'Windows 7', os.arch: 'amd64', os.version: '6.1', java.version: '1.7.0_06'
Driver info: driver.version: unknown]]>
            </message>
            <full-stacktrace>
              <![CDATA[org.openqa.selenium.TimeoutException: Timed out after 20 seconds waiting for visibility of [[ChromeDriver: chrome on XP (7b31b77843a0406cfc2c6afbcf0afdfa)] -> id: loginPassword]
Build info: version: '2.35.0', revision: 'c916b9d', time: '2013-08-12 15:42:01'
System info: os.name: 'Windows 7', os.arch: 'amd64', os.version: '6.1', java.version: '1.7.0_06'
Driver info: driver.version: unknown
	at org.openqa.selenium.support.ui.FluentWait.timeoutException(FluentWait.java:259)
	at org.openqa.selenium.support.ui.FluentWait.until(FluentWait.java:228)
	at common.BasePage.WaitForElement(BasePage.java:33)
	at page.LoginRegisterPage.login(LoginRegisterPage.java:40)
	at test.LoginTest.VerifyLoginForAdmin(LoginTest.java:16)
	at sun.reflect.NativeMethodAccessorImpl.invoke0(Native Method)
	at sun.reflect.NativeMethodAccessorImpl.invoke(NativeMethodAccessorImpl.java:57)
	at sun.reflect.DelegatingMethodAccessorImpl.invoke(DelegatingMethodAccessorImpl.java:43)
	at java.lang.reflect.Method.invoke(Method.java:601)
	at org.testng.internal.MethodInvocationHelper.invokeMethod(MethodInvocationHelper.java:84)
	at org.testng.internal.Invoker.invokeMethod(Invoker.java:714)
	at org.testng.internal.Invoker.invokeTestMethod(Invoker.java:901)
	at org.testng.internal.Invoker.invokeTestMethods(Invoker.java:1231)
	at org.testng.internal.TestMethodWorker.invokeTestMethods(TestMethodWorker.java:127)
	at org.testng.internal.TestMethodWorker.run(TestMethodWorker.java:111)
	at org.testng.TestRunner.privateRun(TestRunner.java:767)
	at org.testng.TestRunner.run(TestRunner.java:617)
	at org.testng.SuiteRunner.runTest(SuiteRunner.java:335)
	at org.testng.SuiteRunner.access$000(SuiteRunner.java:37)
	at org.testng.SuiteRunner$SuiteWorker.run(SuiteRunner.java:369)
	at org.testng.internal.thread.ThreadUtil$2.call(ThreadUtil.java:64)
	at java.util.concurrent.FutureTask$Sync.innerRun(FutureTask.java:334)
	at java.util.concurrent.FutureTask.run(FutureTask.java:166)
	at java.util.concurrent.ThreadPoolExecutor.runWorker(ThreadPoolExecutor.java:1110)
	at java.util.concurrent.ThreadPoolExecutor$Worker.run(ThreadPoolExecutor.java:603)
	at java.lang.Thread.run(Thread.java:722)
]]>
            </full-stacktrace>
          </exception> <!-- org.openqa.selenium.TimeoutException -->
          <reporter-output>
          </reporter-output>
        </test-method> <!-- VerifyLoginForAdmin -->
        <test-method status="PASS" signature="tearDown()[pri:0, instance:test.LoginTest@58093139]" name="tearDown" is-config="true" duration-ms="10035" started-at="2014-05-07T23:31:22Z" finished-at="2014-05-07T23:31:32Z">
          <reporter-output>
          </reporter-output>
        </test-method> <!-- tearDown -->
        <test-method status="PASS" signature="QuitDriver()[pri:0, instance:test.LoginTest@58093139]" name="QuitDriver" is-config="true" duration-ms="1212" started-at="2014-05-07T23:31:32Z" finished-at="2014-05-07T23:31:33Z">
          <reporter-output>
          </reporter-output>
        </test-method> <!-- QuitDriver -->
      </class> <!-- test.LoginTest -->
    </test> <!-- EndToEndForChrome -->
    <test name="EndToEndForIE" duration-ms="135538" started-at="2014-05-07T18:01:33Z" finished-at="2014-05-07T18:03:49Z">
      <class name="test.LoginTest">
        <test-method status="PASS" signature="InitializeDriver(java.lang.String)[pri:0, instance:test.LoginTest@31506701]" name="InitializeDriver" is-config="true" duration-ms="4074" started-at="2014-05-07T23:31:33Z" finished-at="2014-05-07T23:31:37Z">
          <params>
            <param index="0">
              <value>
                <![CDATA[iexplore]]>
              </value>
            </param>
          </params>
          <reporter-output>
          </reporter-output>
        </test-method> <!-- InitializeDriver -->
        <test-method status="PASS" signature="SetUp()[pri:0, instance:test.LoginTest@31506701]" name="SetUp" is-config="true" duration-ms="20404" started-at="2014-05-07T23:31:37Z" finished-at="2014-05-07T23:31:58Z">
          <reporter-output>
          </reporter-output>
        </test-method> <!-- SetUp -->
        <test-method status="FAIL" signature="VerifyInvalidLoginScenario()[pri:0, instance:test.LoginTest@31506701]" name="VerifyInvalidLoginScenario" duration-ms="32437" started-at="2014-05-07T23:31:58Z" finished-at="2014-05-07T23:32:30Z">
          <exception class="org.openqa.selenium.NoSuchElementException">
            <message>
              <![CDATA[Unable to find element with id == loginPassword (WARNING: The server did not provide any stacktrace information)
Command duration or timeout: 10.17 seconds
For documentation on this error, please visit: http://seleniumhq.org/exceptions/no_such_element.html
Build info: version: '2.35.0', revision: 'c916b9d', time: '2013-08-12 15:42:01'
System info: os.name: 'Windows 7', os.arch: 'amd64', os.version: '6.1', java.version: '1.7.0_06'
Session ID: c0844bef-70b1-49d2-ab16-1a5fadb2bf5c
Driver info: org.openqa.selenium.ie.InternetExplorerDriver
Capabilities [{platform=WINDOWS, javascriptEnabled=true, elementScrollBehavior=0, ignoreZoomSetting=false, enablePersistentHover=true, ie.ensureCleanSession=false, browserName=internet explorer, enableElementCacheCleanup=true, unexpectedAlertBehaviour=dismiss, version=11, ie.usePerProcessProxy=false, ignoreProtectedModeSettings=false, cssSelectorsEnabled=true, requireWindowFocus=false, initialBrowserUrl=http://localhost:29146/, handlesAlerts=true, ie.forceCreateProcessApi=false, nativeEvents=true, browserAttachTimeout=0, ie.browserCommandLineSwitches=, takesScreenshot=true}]]]>
            </message>
            <full-stacktrace>
              <![CDATA[org.openqa.selenium.NoSuchElementException: Unable to find element with id == loginPassword (WARNING: The server did not provide any stacktrace information)
Command duration or timeout: 10.17 seconds
For documentation on this error, please visit: http://seleniumhq.org/exceptions/no_such_element.html
Build info: version: '2.35.0', revision: 'c916b9d', time: '2013-08-12 15:42:01'
System info: os.name: 'Windows 7', os.arch: 'amd64', os.version: '6.1', java.version: '1.7.0_06'
Session ID: c0844bef-70b1-49d2-ab16-1a5fadb2bf5c
Driver info: org.openqa.selenium.ie.InternetExplorerDriver
Capabilities [{platform=WINDOWS, javascriptEnabled=true, elementScrollBehavior=0, ignoreZoomSetting=false, enablePersistentHover=true, ie.ensureCleanSession=false, browserName=internet explorer, enableElementCacheCleanup=true, unexpectedAlertBehaviour=dismiss, version=11, ie.usePerProcessProxy=false, ignoreProtectedModeSettings=false, cssSelectorsEnabled=true, requireWindowFocus=false, initialBrowserUrl=http://localhost:29146/, handlesAlerts=true, ie.forceCreateProcessApi=false, nativeEvents=true, browserAttachTimeout=0, ie.browserCommandLineSwitches=, takesScreenshot=true}]
	at sun.reflect.NativeConstructorAccessorImpl.newInstance0(Native Method)
	at sun.reflect.NativeConstructorAccessorImpl.newInstance(NativeConstructorAccessorImpl.java:57)
	at sun.reflect.DelegatingConstructorAccessorImpl.newInstance(DelegatingConstructorAccessorImpl.java:45)
	at java.lang.reflect.Constructor.newInstance(Constructor.java:525)
	at org.openqa.selenium.remote.ErrorHandler.createThrowable(ErrorHandler.java:191)
	at org.openqa.selenium.remote.ErrorHandler.throwIfResponseFailed(ErrorHandler.java:145)
	at org.openqa.selenium.remote.RemoteWebDriver.execute(RemoteWebDriver.java:554)
	at org.openqa.selenium.remote.RemoteWebDriver.findElement(RemoteWebDriver.java:307)
	at org.openqa.selenium.remote.RemoteWebDriver.findElementById(RemoteWebDriver.java:348)
	at org.openqa.selenium.By$ById.findElement(By.java:216)
	at org.openqa.selenium.remote.RemoteWebDriver.findElement(RemoteWebDriver.java:299)
	at org.openqa.selenium.support.pagefactory.DefaultElementLocator.findElement(DefaultElementLocator.java:59)
	at org.openqa.selenium.support.pagefactory.internal.LocatingElementHandler.invoke(LocatingElementHandler.java:34)
	at $Proxy12.toString(Unknown Source)
	at java.lang.String.valueOf(String.java:2854)
	at java.lang.StringBuilder.append(StringBuilder.java:128)
	at org.openqa.selenium.support.ui.ExpectedConditions$7.toString(ExpectedConditions.java:218)
	at org.openqa.selenium.support.ui.FluentWait.until(FluentWait.java:224)
	at common.BasePage.WaitForElement(BasePage.java:33)
	at page.LoginRegisterPage.login(LoginRegisterPage.java:40)
	at test.LoginTest.VerifyInvalidLoginScenario(LoginTest.java:26)
	at sun.reflect.NativeMethodAccessorImpl.invoke0(Native Method)
	at sun.reflect.NativeMethodAccessorImpl.invoke(NativeMethodAccessorImpl.java:57)
	at sun.reflect.DelegatingMethodAccessorImpl.invoke(DelegatingMethodAccessorImpl.java:43)
	at java.lang.reflect.Method.invoke(Method.java:601)
	at org.testng.internal.MethodInvocationHelper.invokeMethod(MethodInvocationHelper.java:84)
	at org.testng.internal.Invoker.invokeMethod(Invoker.java:714)
	at org.testng.internal.Invoker.invokeTestMethod(Invoker.java:901)
	at org.testng.internal.Invoker.invokeTestMethods(Invoker.java:1231)
	at org.testng.internal.TestMethodWorker.invokeTestMethods(TestMethodWorker.java:127)
	at org.testng.internal.TestMethodWorker.run(TestMethodWorker.java:111)
	at org.testng.TestRunner.privateRun(TestRunner.java:767)
	at org.testng.TestRunner.run(TestRunner.java:617)
	at org.testng.SuiteRunner.runTest(SuiteRunner.java:335)
	at org.testng.SuiteRunner.access$000(SuiteRunner.java:37)
	at org.testng.SuiteRunner$SuiteWorker.run(SuiteRunner.java:369)
	at org.testng.internal.thread.ThreadUtil$2.call(ThreadUtil.java:64)
	at java.util.concurrent.FutureTask$Sync.innerRun(FutureTask.java:334)
	at java.util.concurrent.FutureTask.run(FutureTask.java:166)
	at java.util.concurrent.ThreadPoolExecutor.runWorker(ThreadPoolExecutor.java:1110)
	at java.util.concurrent.ThreadPoolExecutor$Worker.run(ThreadPoolExecutor.java:603)
	at java.lang.Thread.run(Thread.java:722)
]]>
            </full-stacktrace>
          </exception> <!-- org.openqa.selenium.NoSuchElementException -->
          <reporter-output>
          </reporter-output>
        </test-method> <!-- VerifyInvalidLoginScenario -->
        <test-method status="PASS" signature="tearDown()[pri:0, instance:test.LoginTest@31506701]" name="tearDown" is-config="true" duration-ms="10069" started-at="2014-05-07T23:32:30Z" finished-at="2014-05-07T23:32:40Z">
          <reporter-output>
          </reporter-output>
        </test-method> <!-- tearDown -->
        <test-method status="PASS" signature="SetUp()[pri:0, instance:test.LoginTest@31506701]" name="SetUp" is-config="true" duration-ms="1848" started-at="2014-05-07T23:32:40Z" finished-at="2014-05-07T23:32:42Z">
          <reporter-output>
          </reporter-output>
        </test-method> <!-- SetUp -->
        <test-method status="PASS" signature="VerifyLoginForAdmin()[pri:0, instance:test.LoginTest@31506701]" name="VerifyLoginForAdmin" duration-ms="59898" started-at="2014-05-07T23:32:42Z" finished-at="2014-05-07T23:33:42Z">
          <reporter-output>
          </reporter-output>
        </test-method> <!-- VerifyLoginForAdmin -->
        <test-method status="PASS" signature="tearDown()[pri:0, instance:test.LoginTest@31506701]" name="tearDown" is-config="true" duration-ms="5665" started-at="2014-05-07T23:33:42Z" finished-at="2014-05-07T23:33:48Z">
          <reporter-output>
          </reporter-output>
        </test-method> <!-- tearDown -->
        <test-method status="PASS" signature="QuitDriver()[pri:0, instance:test.LoginTest@31506701]" name="QuitDriver" is-config="true" duration-ms="1135" started-at="2014-05-07T23:33:48Z" finished-at="2014-05-07T23:33:49Z">
          <reporter-output>
          </reporter-output>
        </test-method> <!-- QuitDriver -->
      </class> <!-- test.LoginTest -->
    </test> <!-- EndToEndForIE -->
  </suite> <!-- pathology -->
</testng-results>
